resident/houseSecurity/app/build/outputs/logs/manifest-merger-debug-report.txt
-- Merging decision tree log ---
manifest
ADDED from src\main\AndroidManifest.xml:2:1-139:12
	xmlns:android
		ADDED from src\main\AndroidManifest.xml:2:11-69
	package
		ADDED from src\main\AndroidManifest.xml:3:5-33
		INJECTED from src\main\AndroidManifest.xml
		INJECTED from src\main\AndroidManifest.xml
	android:versionName
		ADDED from src\main\AndroidManifest.xml:6:5-30
		INJECTED from src\main\AndroidManifest.xml
		INJECTED from src\main\AndroidManifest.xml
	android:versionCode
		ADDED from src\main\AndroidManifest.xml:5:5-29
		INJECTED from src\main\AndroidManifest.xml
		INJECTED from src\main\AndroidManifest.xml
	android:installLocation
		ADDED from src\main\AndroidManifest.xml:4:5-35
uses-sdk
ADDED from src\main\AndroidManifest.xml:9:5-11:41
MERGED from [com.android.support:support-v4:22.0.0] AndroidManifest.xml:20:5-43
	android:targetSdkVersion
		ADDED from src\main\AndroidManifest.xml:11:9-38
		INJECTED from src\main\AndroidManifest.xml
		INJECTED from src\main\AndroidManifest.xml
	android:minSdkVersion
		ADDED from src\main\AndroidManifest.xml:10:9-35
		INJECTED from src\main\AndroidManifest.xml
		INJECTED from src\main\AndroidManifest.xml
uses-permission#android.permission.RECEIVE_BOOT_COMPLETED
ADDED from src\main\AndroidManifest.xml:13:5-81
	android:name
		ADDED from src\main\AndroidManifest.xml:13:22-78
uses-permission#android.permission.GET_ACCOUNTS
ADDED from src\main\AndroidManifest.xml:14:5-71
	android:name
		ADDED from src\main\AndroidManifest.xml:14:22-68
uses-permission#android.permission.READ_PROFILE
ADDED from src\main\AndroidManifest.xml:15:5-71
	android:name
		ADDED from src\main\AndroidManifest.xml:15:22-68
uses-permission#android.permission.READ_CONTACTS
ADDED from src\main\AndroidManifest.xml:16:5-72
	android:name
		ADDED from src\main\AndroidManifest.xml:16:22-69
uses-permission#android.permission.RECEIVE_SMS
ADDED from src\main\AndroidManifest.xml:17:5-70
	android:name
		ADDED from src\main\AndroidManifest.xml:17:22-67
uses-permission#android.permission.READ_SMS
ADDED from src\main\AndroidManifest.xml:18:5-67
	android:name
		ADDED from src\main\AndroidManifest.xml:18:22-64
uses-permission#android.permission.SEND_SMS
ADDED from src\main\AndroidManifest.xml:19:5-67
	android:name
		ADDED from src\main\AndroidManifest.xml:19:22-64
uses-permission#android.permission.ACCESS_WIFI_STATE
ADDED from src\main\AndroidManifest.xml:20:5-76
	android:name
		ADDED from src\main\AndroidManifest.xml:20:22-73
uses-permission#android.permission.CHANGE_WIFI_STATE
ADDED from src\main\AndroidManifest.xml:21:5-76
	android:name
		ADDED from src\main\AndroidManifest.xml:21:22-73
uses-permission#android.permission.ACCESS_NETWORK_STATE
ADDED from src\main\AndroidManifest.xml:22:5-79
	android:name
		ADDED from src\main\AndroidManifest.xml:22:22-76
uses-permission#android.permission.QUICKBOOT_POWERON
ADDED from src\main\AndroidManifest.xml:23:5-76
	android:name
		ADDED from src\main\AndroidManifest.xml:23:22-73
uses-permission#android.permission.WAKE_LOCK
ADDED from src\main\AndroidManifest.xml:24:5-68
	android:name
		ADDED from src\main\AndroidManifest.xml:24:22-65
uses-permission#com.android.alarm.permission.SET_ALARM
ADDED from src\main\AndroidManifest.xml:25:5-78
	android:name
		ADDED from src\main\AndroidManifest.xml:25:22-75
uses-permission#android.permission.VIBRATE
ADDED from src\main\AndroidManifest.xml:26:5-66
	android:name
		ADDED from src\main\AndroidManifest.xml:26:22-63
uses-permission#android.permission.ACCESS_FINE_LOCATION
ADDED from src\main\AndroidManifest.xml:27:5-79
	android:name
		ADDED from src\main\AndroidManifest.xml:27:22-76
uses-permission#android.permission.INTERNET
ADDED from src\main\AndroidManifest.xml:28:5-67
	android:name
		ADDED from src\main\AndroidManifest.xml:28:22-64
uses-permission#android.permission.WRITE_EXTERNAL_STORAGE
ADDED from src\main\AndroidManifest.xml:29:5-81
	android:name
		ADDED from src\main\AndroidManifest.xml:29:22-78
uses-permission#android.permission.CAMERA
ADDED from src\main\AndroidManifest.xml:30:5-65
	android:name
		ADDED from src\main\AndroidManifest.xml:30:22-62
android:uses-permission#android.permission.READ_PHONE_STATE
ADDED from src\main\AndroidManifest.xml:33:5-83
	android:name
		ADDED from src\main\AndroidManifest.xml:33:30-80
android:uses-permission#android.permission.READ_EXTERNAL_STORAGE
ADDED from src\main\AndroidManifest.xml:34:5-88
	android:name
		ADDED from src\main\AndroidManifest.xml:34:30-85
application
ADDED from src\main\AndroidManifest.xml:36:5-137:19
MERGED from [com.android.support:support-v4:22.0.0] AndroidManifest.xml:22:5-20
	android:label
		ADDED from src\main\AndroidManifest.xml:39:9-41
	android:allowBackup
		ADDED from src\main\AndroidManifest.xml:37:9-35
	android:icon
		ADDED from src\main\AndroidManifest.xml:38:9-39
receiver#com.house.security.MainBootComplete
ADDED from src\main\AndroidManifest.xml:40:9-55:20
	android:exported
		ADDED from src\main\AndroidManifest.xml:43:13-36
	android:enabled
		ADDED from src\main\AndroidManifest.xml:42:13-35
	android:name
		ADDED from src\main\AndroidManifest.xml:41:13-45
intent-filter#android.intent.action.BOOT_COMPLETED+android.intent.action.QUICKBOOT_POWERON+android.net.conn.CONNECTIVITY_CHANGE+android.net.wifi.WIFI_STATE_CHANGED+android.provider.Telephony.SMS_RECEIVED+com.sec.data.db.added+com.sec.loin.done+com.sec.net.create.auth+com.sec.vismgmt.post
ADDED from src\main\AndroidManifest.xml:44:13-54:29
action#android.intent.action.BOOT_COMPLETED
ADDED from src\main\AndroidManifest.xml:45:17-79
	android:name
		ADDED from src\main\AndroidManifest.xml:45:25-76
action#android.intent.action.QUICKBOOT_POWERON
ADDED from src\main\AndroidManifest.xml:46:17-82
	android:name
		ADDED from src\main\AndroidManifest.xml:46:25-79
action#android.provider.Telephony.SMS_RECEIVED
ADDED from src\main\AndroidManifest.xml:47:17-82
	android:name
		ADDED from src\main\AndroidManifest.xml:47:25-79
action#android.net.conn.CONNECTIVITY_CHANGE
ADDED from src\main\AndroidManifest.xml:48:17-79
	android:name
		ADDED from src\main\AndroidManifest.xml:48:25-76
action#android.net.wifi.WIFI_STATE_CHANGED
ADDED from src\main\AndroidManifest.xml:49:17-78
	android:name
		ADDED from src\main\AndroidManifest.xml:49:25-75
action#com.sec.net.create.auth
ADDED from src\main\AndroidManifest.xml:50:17-66
	android:name
		ADDED from src\main\AndroidManifest.xml:50:25-63
action#com.sec.data.db.added
ADDED from src\main\AndroidManifest.xml:51:17-64
	android:name
		ADDED from src\main\AndroidManifest.xml:51:25-61
action#com.sec.loin.done
ADDED from src\main\AndroidManifest.xml:52:17-60
	android:name
		ADDED from src\main\AndroidManifest.xml:52:25-57
action#com.sec.vismgmt.post
ADDED from src\main\AndroidManifest.xml:53:17-62
	android:name
		ADDED from src\main\AndroidManifest.xml:53:25-60
activity#com.house.security.ManageSpaceActivity
ADDED from src\main\AndroidManifest.xml:57:9-59:52
	android:screenOrientation
		ADDED from src\main\AndroidManifest.xml:59:13-49
	android:name
		ADDED from src\main\AndroidManifest.xml:58:13-48
activity#com.house.security.Admin
ADDED from src\main\AndroidManifest.xml:72:9-80:20
	android:windowSoftInputMode
		ADDED from src\main\AndroidManifest.xml:76:13-68
	android:label
		ADDED from src\main\AndroidManifest.xml:74:13-57
	android:parentActivityName
		ADDED from src\main\AndroidManifest.xml:75:13-66
	android:name
		ADDED from src\main\AndroidManifest.xml:73:13-34
meta-data#android.support.PARENT_ACTIVITY
ADDED from src\main\AndroidManifest.xml:77:13-79:60
	android:name
		ADDED from src\main\AndroidManifest.xml:78:17-63
	android:value
		ADDED from src\main\AndroidManifest.xml:79:17-57
activity#com.house.security.HistoryList
ADDED from src\main\AndroidManifest.xml:81:9-88:20
	android:label
		ADDED from src\main\AndroidManifest.xml:83:13-64
	android:parentActivityName
		ADDED from src\main\AndroidManifest.xml:84:13-66
	android:name
		ADDED from src\main\AndroidManifest.xml:82:13-40
activity#com.house.security.Configure
ADDED from src\main\AndroidManifest.xml:89:9-96:20
	android:label
		ADDED from src\main\AndroidManifest.xml:91:13-61
	android:parentActivityName
		ADDED from src\main\AndroidManifest.xml:92:13-66
	android:name
		ADDED from src\main\AndroidManifest.xml:90:13-38
activity#com.house.security.VisualMapView
ADDED from src\main\AndroidManifest.xml:97:9-104:20
	android:label
		ADDED from src\main\AndroidManifest.xml:99:13-60
	android:parentActivityName
		ADDED from src\main\AndroidManifest.xml:100:13-66
	android:name
		ADDED from src\main\AndroidManifest.xml:98:13-42
activity#com.house.security.HistoryMainPage
ADDED from src\main\AndroidManifest.xml:105:9-120:20
	android:label
		ADDED from src\main\AndroidManifest.xml:107:13-59
	android:parentActivityName
		ADDED from src\main\AndroidManifest.xml:110:13-66
	android:name
		ADDED from src\main\AndroidManifest.xml:106:13-44
intent-filter#android.intent.action.MAIN+android.intent.category.LAUNCHER
ADDED from src\main\AndroidManifest.xml:111:13-115:29
action#android.intent.action.MAIN
ADDED from src\main\AndroidManifest.xml:112:17-69
	android:name
		ADDED from src\main\AndroidManifest.xml:112:25-66
category#android.intent.category.LAUNCHER
ADDED from src\main\AndroidManifest.xml:114:17-77
	android:name
		ADDED from src\main\AndroidManifest.xml:114:27-74
activity#com.house.security.NotificationView
ADDED from src\main\AndroidManifest.xml:121:9-123:55
	android:label
		ADDED from src\main\AndroidManifest.xml:123:13-52
	android:name
		ADDED from src\main\AndroidManifest.xml:122:13-45
activity#com.house.security.RingAlarm
ADDED from src\main\AndroidManifest.xml:124:9-126:48
	android:label
		ADDED from src\main\AndroidManifest.xml:126:13-45
	android:name
		ADDED from src\main\AndroidManifest.xml:125:13-38
service#com.house.security.MainService
ADDED from src\main\AndroidManifest.xml:128:9-131:39
	android:exported
		ADDED from src\main\AndroidManifest.xml:131:13-36
	android:enabled
		ADDED from src\main\AndroidManifest.xml:130:13-35
	android:name
		ADDED from src\main\AndroidManifest.xml:129:13-40
activity#com.house.security.VisitorActivity
ADDED from src\main\AndroidManifest.xml:133:9-134:20
	android:name
		ADDED from src\main\AndroidManifest.xml:133:19-50
activity#com.house.security.VisitorListActivity
ADDED from src\main\AndroidManifest.xml:135:9-136:20
	android:name
		ADDED from src\main\AndroidManifest.xml:135:19-54